1760606529|/index.php?id=log|http://schoolb2.loc/index.php?id=gbook
1760606530|/index.php|http://schoolb2.loc/index.php?id=log
1760606531|/index.php?id=about|http://schoolb2.loc/index.php
1760606532|/index.php?id=contact|http://schoolb2.loc/index.php?id=about
1760606533|/index.php?id=gbook|http://schoolb2.loc/index.php?id=contact
1760606533|/index.php?id=log|http://schoolb2.loc/index.php?id=gbook
1760607564|/|https://classroom.google.com/
1760607566|/index.php?id=log|http://schoolb2.loc/
1760607572|/index.php?id=about|http://schoolb2.loc/index.php?id=log
1760607572|/index.php?id=contact|http://schoolb2.loc/index.php?id=about
1760607573|/index.php?id=log|http://schoolb2.loc/index.php?id=contact
1760607574|/index.php?id=about|http://schoolb2.loc/index.php?id=log
1760607574|/index.php?id=gbook|http://schoolb2.loc/index.php?id=about
1760607575|/index.php|http://schoolb2.loc/index.php?id=gbook
1760607575|/index.php?id=contact|http://schoolb2.loc/index.php
1760607576|/index.php?id=log|http://schoolb2.loc/index.php?id=contact
1760607578|/index.php?id=log|http://schoolb2.loc/index.php?id=contact
1760607579|/index.php?id=log|http://schoolb2.loc/index.php?id=log
1760607844|/index.php?id=log|http://schoolb2.loc/index.php?id=log
1760611390|/|https://classroom.google.com/
1760611393|/index.php?id=log|http://schoolb2.loc/
1760611394|/index.php?id=gbook|http://schoolb2.loc/index.php?id=log
1760611418|/index.php?id=gbook|http://schoolb2.loc/index.php?id=gbook
1760611560|/index.php?id=gbook|http://schoolb2.loc/index.php?id=gbook
1760611580|/index.php?id=gbook|http://schoolb2.loc/index.php?id=gbook
1760611612|/index.php?id=log|http://schoolb2.loc/index.php?id=log
1760611614|/index.php?id=about|http://schoolb2.loc/index.php?id=log
1760611615|/index.php?id=gbook|http://schoolb2.loc/index.php?id=about
1760615200|/|https://classroom.google.com/
1760615202|/index.php?id=gbook|http://schoolb2.loc/
1760615234|/index.php?id=gbook|http://schoolb2.loc/
1760615306|/index.php?id=gbook|http://schoolb2.loc/
1760615378|/index.php?id=gbook|http://schoolb2.loc/
1760615392|/index.php?id=gbook|http://schoolb2.loc/index.php?id=gbook
1760615431|/index.php?id=gbook|http://schoolb2.loc/
1760615432|/index.php?id=gbook|http://schoolb2.loc/index.php?id=gbook
1760615449|/index.php?id=gbook|http://schoolb2.loc/
1760615457|/index.php?id=gbook|http://schoolb2.loc/
1760615518|/index.php?id=gbook|http://schoolb2.loc/
1760615526|/index.php?id=info|http://schoolb2.loc/
1760615527|/index.php?id=gbook|http://schoolb2.loc/index.php?id=info
1760615613|/index.php?id=gbook|http://schoolb2.loc/index.php?id=info
1760615664|/index.php?id=gbook|http://schoolb2.loc/index.php?id=info
1760615802|/index.php?id=gbook|http://schoolb2.loc/index.php?id=info
1760615930|/index.php?id=gbook|http://schoolb2.loc/index.php?id=info
1760615956|/index.php?id=gbook|http://schoolb2.loc/index.php?id=info
1760615978|/index.php?id=gbook|http://schoolb2.loc/index.php?id=info
1760615985|/index.php?id=gbook|http://schoolb2.loc/index.php?id=info
1760616095|/index.php?id=gbook|http://schoolb2.loc/index.php?id=info
1760616111|/index.php?id=gbook|http://schoolb2.loc/index.php?id=info
1760616358|/index.php?id=gbook|http://schoolb2.loc/index.php?id=info
1760616371|/index.php?id=gbook|http://schoolb2.loc/index.php?id=info
1760616406|/|https://classroom.google.com/
1760616407|/index.php?id=gbook|http://schoolb2.loc/
1760616677|/index.php?id=gbook|http://schoolb2.loc/
1760616691|/index.php?id=gbook|http://schoolb2.loc/index.php?id=gbook
1760616772|/index.php?id=gbook|http://schoolb2.loc/index.php?id=gbook
1760616790|/index.php?id=gbook|http://schoolb2.loc/index.php?id=gbook
1760617660|/index.php?id=gbook|http://schoolb2.loc/index.php?id=gbook
1760617662|/index.php?id=gbook&del=3|http://schoolb2.loc/index.php?id=gbook
1760617665|/index.php?id=gbook&del=3|http://schoolb2.loc/index.php?id=gbook
1760617673|/index.php?id=gbook&del=3|http://schoolb2.loc/index.php?id=gbook&del=3
1760618107|/index.php?id=gbook&del=3|http://schoolb2.loc/index.php?id=gbook&del=3
1760618109|/index.php?id=gbook&del=5|http://schoolb2.loc/index.php?id=gbook&del=3
1760618110|/index.php?id=gbook&del=4|http://schoolb2.loc/index.php?id=gbook&del=5
